[01m[K/home/sm/TH/model/Go2_Simulator/src/controls/go2_controller/src/go2_controller.cpp:[m[K In member function â€˜[01m[Kvoid go2_controller::Init()[m[Kâ€™:
[01m[K/home/sm/TH/model/Go2_Simulator/src/controls/go2_controller/src/go2_controller.cpp:15:22:[m[K [01;31m[Kerror: [m[Kâ€˜[01m[Khn_[m[Kâ€™ was not declared in this scope; did you mean â€˜[01m[Knh_[m[Kâ€™?
   15 |     sub_leg_state_ = [01;31m[Khn_[m[K.subscribe(go2_topic_leg_state_, queue_size, &go2_controller::StateLegCallback, this, ros::TransportHints().reliable().tcpNoDelay());
      |                      [01;31m[K^~~[m[K
      |                      [32m[Knh_[m[K
[01m[K/home/sm/TH/model/Go2_Simulator/src/controls/go2_controller/src/go2_controller.cpp:6:11:[m[K [01;35m[Kwarning: [m[Kignoring return value of â€˜[01m[Kint system(const char*)[m[Kâ€™, declared with attribute warn_unused_result [[01;35m[K-Wunused-result[m[K]
    6 |     [01;35m[Ksystem("clear")[m[K;
      |     [01;35m[K~~~~~~^~~~~~~~~[m[K
make[2]: *** [CMakeFiles/go2_controller.dir/build.make:63: CMakeFiles/go2_controller.dir/src/go2_controller.cpp.o] Error 1
make[1]: *** [CMakeFiles/Makefile2:216: CMakeFiles/go2_controller.dir/all] Error 2
make: *** [Makefile:141: all] Error 2
