[35m[1mScanning dependencies of target go2_controller[0m
[  0%] Built target controller_manager_msgs_generate_messages_eus
[  0%] Built target dynamic_reconfigure_generate_messages_eus
[  0%] Built target go2_controller_xacro_generated_to_devel_space_
[  0%] Built target controller_manager_msgs_generate_messages_nodejs
[  0%] Built target controller_manager_msgs_generate_messages_cpp
[  0%] Built target trajectory_msgs_generate_messages_nodejs
[  0%] Built target trajectory_msgs_generate_messages_lisp
[  0%] Built target trajectory_msgs_generate_messages_cpp
[ 16%] [32mBuilding CXX object CMakeFiles/go2_controller.dir/src/go2_controller.cpp.o[0m
[ 16%] Built target gazebo_msgs_generate_messages_nodejs
[ 16%] Built target gazebo_msgs_generate_messages_py
[ 16%] Built target gazebo_msgs_generate_messages_cpp
[ 16%] Built target dynamic_reconfigure_gencfg
[ 16%] Built target actionlib_generate_messages_cpp
[ 16%] Built target rosgraph_msgs_generate_messages_nodejs
[ 33%] [32mBuilding CXX object CMakeFiles/go2_controller.dir/src/Inverse_Kinematics.cpp.o[0m
[ 33%] Built target actionlib_msgs_generate_messages_py
[ 33%] Built target actionlib_msgs_generate_messages_eus
[ 33%] Built target dynamic_reconfigure_generate_messages_py
[ 33%] Built target roscpp_generate_messages_cpp
[ 33%] Built target trajectory_msgs_generate_messages_eus
[ 33%] Built target roscpp_generate_messages_py
[ 33%] Built target roscpp_generate_messages_eus
[ 33%] Built target sensor_msgs_generate_messages_cpp
[ 33%] Built target std_msgs_generate_messages_nodejs
[ 33%] Built target geometry_msgs_generate_messages_eus
[ 33%] Built target std_msgs_generate_messages_py
[ 33%] Built target sensor_msgs_generate_messages_nodejs
[ 33%] Built target sensor_msgs_generate_messages_eus
[ 33%] Built target sensor_msgs_generate_messages_lisp
[ 33%] Built target tf2_msgs_generate_messages_eus
[ 33%] Built target sensor_msgs_generate_messages_py
[ 33%] Built target controller_manager_msgs_generate_messages_lisp
[ 33%] Built target actionlib_generate_messages_lisp
[ 33%] Built target roscpp_generate_messages_lisp
[ 33%] Built target rosgraph_msgs_generate_messages_py
[ 33%] Built target geometry_msgs_generate_messages_cpp
[ 33%] Built target dynamic_reconfigure_generate_messages_nodejs
[ 33%] Built target tf2_msgs_generate_messages_py
[ 33%] Built target gazebo_msgs_generate_messages_lisp
[ 33%] Built target std_msgs_generate_messages_cpp
[ 33%] Built target rosgraph_msgs_generate_messages_lisp
[ 33%] Built target tf_generate_messages_eus
[ 33%] Built target tf2_msgs_generate_messages_cpp
[ 33%] Built target dynamic_reconfigure_generate_messages_lisp
[ 33%] Built target rosgraph_msgs_generate_messages_eus
[ 33%] Built target std_srvs_generate_messages_py
[ 33%] Built target roscpp_generate_messages_nodejs
[ 33%] Built target geometry_msgs_generate_messages_lisp
[ 33%] Built target tf_generate_messages_cpp
[ 33%] Built target std_srvs_generate_messages_cpp
[ 33%] Built target std_msgs_generate_messages_lisp
[ 33%] Built target std_srvs_generate_messages_nodejs
[ 33%] Built target tf_generate_messages_lisp
[ 33%] Built target dynamic_reconfigure_generate_messages_cpp
[ 33%] Built target tf_generate_messages_nodejs
[ 33%] Built target trajectory_msgs_generate_messages_py
[ 33%] Built target rosgraph_msgs_generate_messages_cpp
[ 33%] Built target actionlib_generate_messages_eus
[ 33%] Built target actionlib_msgs_generate_messages_cpp
[ 33%] Built target controller_manager_msgs_generate_messages_py
[ 33%] Built target actionlib_generate_messages_nodejs
[ 33%] Built target actionlib_generate_messages_py
[ 33%] Built target tf_generate_messages_py
[ 33%] Built target std_msgs_generate_messages_eus
[ 33%] Built target actionlib_msgs_generate_messages_nodejs
[ 33%] Built target tf2_msgs_generate_messages_lisp
[ 33%] Built target tf2_msgs_generate_messages_nodejs
[ 33%] Built target actionlib_msgs_generate_messages_lisp
[ 33%] Built target gazebo_ros_gencfg
[ 33%] Built target geometry_msgs_generate_messages_py
[ 33%] Built target std_srvs_generate_messages_eus
[ 33%] Built target std_srvs_generate_messages_lisp
[ 33%] Built target gazebo_msgs_generate_messages_eus
[ 33%] Built target geometry_msgs_generate_messages_nodejs
[01m[K/home/pth/pth/model/Go2_simulator/src/controls/go2_controller/src/Inverse_Kinematics.cpp:[m[K In member function â€˜[01m[Kvoid go2_controller::geometrical_IK()[m[Kâ€™:
[01m[K/home/pth/pth/model/Go2_simulator/src/controls/go2_controller/src/Inverse_Kinematics.cpp:71:33:[m[K [01;31m[Kerror: [m[Kexpected initializer before â€˜[01m[K<<[m[Kâ€™ token
   71 |     Eigen::Vector3d FL_base_hip [01;31m[K<<[m[K 0.19295, 0.145, 0;
      |                                 [01;31m[K^~[m[K
[01m[K/home/pth/pth/model/Go2_simulator/src/controls/go2_controller/src/Inverse_Kinematics.cpp:72:33:[m[K [01;31m[Kerror: [m[Kexpected initializer before â€˜[01m[K<<[m[Kâ€™ token
   72 |     Eigen::Vector3d FR_base_hip [01;31m[K<<[m[K 0.19295, -0.145, 0;
      |                                 [01;31m[K^~[m[K
[01m[K/home/pth/pth/model/Go2_simulator/src/controls/go2_controller/src/Inverse_Kinematics.cpp:73:33:[m[K [01;31m[Kerror: [m[Kexpected initializer before â€˜[01m[K<<[m[Kâ€™ token
   73 |     Eigen::Vector3d RL_base_hip [01;31m[K<<[m[K -0.19295, 0.145, 0;
      |                                 [01;31m[K^~[m[K
[01m[K/home/pth/pth/model/Go2_simulator/src/controls/go2_controller/src/Inverse_Kinematics.cpp:74:33:[m[K [01;31m[Kerror: [m[Kexpected initializer before â€˜[01m[K<<[m[Kâ€™ token
   74 |     Eigen::Vector3d RR_base_hip [01;31m[K<<[m[K -0.19295, -0.145, 0;
      |                                 [01;31m[K^~[m[K
[01m[K/home/pth/pth/model/Go2_simulator/src/controls/go2_controller/src/Inverse_Kinematics.cpp:81:37:[m[K [01;31m[Kerror: [m[Kâ€˜[01m[KFL_base_hip[m[Kâ€™ was not declared in this scope
   81 |     h_xyz = Calculate_V(EE_Pose_FL, [01;31m[KFL_base_hip[m[K);
      |                                     [01;31m[K^~~~~~~~~~~[m[K
[01m[K/home/pth/pth/model/Go2_simulator/src/controls/go2_controller/src/Inverse_Kinematics.cpp:86:41:[m[K [01;31m[Kerror: [m[Kâ€˜[01m[KFR_base_hip[m[Kâ€™ was not declared in this scope
   86 |     h_xyz = Calculate_V(90, EE_Pose_FR, [01;31m[KFR_base_hip[m[K);
      |                                         [01;31m[K^~~~~~~~~~~[m[K
[01m[K/home/pth/pth/model/Go2_simulator/src/controls/go2_controller/src/Inverse_Kinematics.cpp:90:41:[m[K [01;31m[Kerror: [m[Kâ€˜[01m[KRL_base_hip[m[Kâ€™ was not declared in this scope
   90 |     h_xyz = Calculate_V(90, EE_Pose_RL, [01;31m[KRL_base_hip[m[K);
      |                                         [01;31m[K^~~~~~~~~~~[m[K
[01m[K/home/pth/pth/model/Go2_simulator/src/controls/go2_controller/src/Inverse_Kinematics.cpp:94:41:[m[K [01;31m[Kerror: [m[Kâ€˜[01m[KRR_base_hip[m[Kâ€™ was not declared in this scope
   94 |     h_xyz = Calculate_V(90, EE_Pose_RR, [01;31m[KRR_base_hip[m[K);
      |                                         [01;31m[K^~~~~~~~~~~[m[K
[01m[K/home/pth/pth/model/Go2_simulator/src/controls/go2_controller/src/go2_controller.cpp:[m[K In member function â€˜[01m[Kvoid go2_controller::Init()[m[Kâ€™:
[01m[K/home/pth/pth/model/Go2_simulator/src/controls/go2_controller/src/go2_controller.cpp:6:11:[m[K [01;35m[Kwarning: [m[Kignoring return value of â€˜[01m[Kint system(const char*)[m[Kâ€™, declared with attribute warn_unused_result [[01;35m[K-Wunused-result[m[K]
    6 |     [01;35m[Ksystem("clear")[m[K;
      |     [01;35m[K~~~~~~^~~~~~~~~[m[K
make[2]: *** [CMakeFiles/go2_controller.dir/build.make:89: CMakeFiles/go2_controller.dir/src/Inverse_Kinematics.cpp.o] Error 1
make[2]: *** Waiting for unfinished jobs....
make[1]: *** [CMakeFiles/Makefile2:216: CMakeFiles/go2_controller.dir/all] Error 2
make: *** [Makefile:141: all] Error 2
