[01m[K/home/pth/pth/model/Go2_simulator/src/controls/go2_controller/src/Forward_Kinematics.cpp:[m[K In member function â€˜[01m[Kvoid go2_controller::Forward_Kinematics(Eigen::VectorXd, Eigen::VectorXd)[m[Kâ€™:
[01m[K/home/pth/pth/model/Go2_simulator/src/controls/go2_controller/src/Forward_Kinematics.cpp:16:36:[m[K [01;31m[Kerror: [m[Kâ€˜[01m[Ktemplate<class _Scalar, int _Rows, int _Cols, int _Options, int _MaxRows, int _MaxCols> class Eigen::Matrix[m[Kâ€™ used without template arguments
   16 |     Eigen::Matrix4d A1_FL = Eigen::[01;31m[KMatrix[m[K::Identity();
      |                                    [01;31m[K^~~~~~[m[K
[01m[K/home/pth/pth/model/Go2_simulator/src/controls/go2_controller/src/Forward_Kinematics.cpp:18:36:[m[K [01;31m[Kerror: [m[Kâ€˜[01m[Ktemplate<class _Scalar, int _Rows, int _Cols, int _Options, int _MaxRows, int _MaxCols> class Eigen::Matrix[m[Kâ€™ used without template arguments
   18 |     Eigen::Matrix4d A1_FR = Eigen::[01;31m[KMatrix[m[K::Identity();
      |                                    [01;31m[K^~~~~~[m[K
[01m[K/home/pth/pth/model/Go2_simulator/src/controls/go2_controller/src/Forward_Kinematics.cpp:20:36:[m[K [01;31m[Kerror: [m[Kâ€˜[01m[Ktemplate<class _Scalar, int _Rows, int _Cols, int _Options, int _MaxRows, int _MaxCols> class Eigen::Matrix[m[Kâ€™ used without template arguments
   20 |     Eigen::Matrix4d A1_RL = Eigen::[01;31m[KMatrix[m[K::Identity();
      |                                    [01;31m[K^~~~~~[m[K
[01m[K/home/pth/pth/model/Go2_simulator/src/controls/go2_controller/src/Forward_Kinematics.cpp:22:36:[m[K [01;31m[Kerror: [m[Kâ€˜[01m[Ktemplate<class _Scalar, int _Rows, int _Cols, int _Options, int _MaxRows, int _MaxCols> class Eigen::Matrix[m[Kâ€™ used without template arguments
   22 |     Eigen::Matrix4d A1_RR = Eigen::[01;31m[KMatrix[m[K::Identity();
      |                                    [01;31m[K^~~~~~[m[K
make[2]: *** [CMakeFiles/go2_controller.dir/build.make:76: CMakeFiles/go2_controller.dir/src/Forward_Kinematics.cpp.o] Error 1
make[1]: *** [CMakeFiles/Makefile2:216: CMakeFiles/go2_controller.dir/all] Error 2
make: *** [Makefile:141: all] Error 2
