[01m[K/home/pth/pth/model/Go2_simulator/src/controls/go2_controller/src/Forward_Kinematics.cpp:[m[K In member function â€˜[01m[Kvoid go2_controller::Forward_Kinematics(Eigen::VectorXd, Eigen::VectorXd)[m[Kâ€™:
[01m[K/home/pth/pth/model/Go2_simulator/src/controls/go2_controller/src/Forward_Kinematics.cpp:44:5:[m[K [01;31m[Kerror: [m[Kâ€˜[01m[KT_base_hip[m[Kâ€™ was not declared in this scope; did you mean â€˜[01m[KT_base_RR[m[Kâ€™?
   44 |     [01;31m[KT_base_hip[m[K = CreateTmatrix(base_to_hip_x, base_to_hip_y, 0) * CreateRmatrix(q(0), hip_axis);
      |     [01;31m[K^~~~~~~~~~[m[K
      |     [32m[KT_base_RR[m[K
[01m[K/home/pth/pth/model/Go2_simulator/src/controls/go2_controller/src/Forward_Kinematics.cpp:45:5:[m[K [01;31m[Kerror: [m[Kâ€˜[01m[KT_hip_thigh[m[Kâ€™ was not declared in this scope
   45 |     [01;31m[KT_hip_thigh[m[K = CreateTmatrix(0, hip_to_thigh_y, 0) * CreateRmatrix(q(1), thigh_axis);
      |     [01;31m[K^~~~~~~~~~~[m[K
[01m[K/home/pth/pth/model/Go2_simulator/src/controls/go2_controller/src/Forward_Kinematics.cpp:46:5:[m[K [01;31m[Kerror: [m[Kâ€˜[01m[KT_thigh_calf[m[Kâ€™ was not declared in this scope
   46 |     [01;31m[KT_thigh_calf[m[K = CreateTmatrix(0, 0, thigh_to_calf_z) * CreateRmatrix(q(2), calf_axis);
      |     [01;31m[K^~~~~~~~~~~~[m[K
[01m[K/home/pth/pth/model/Go2_simulator/src/controls/go2_controller/src/Forward_Kinematics.cpp:47:5:[m[K [01;31m[Kerror: [m[Kâ€˜[01m[KT_calf_foot[m[Kâ€™ was not declared in this scope
   47 |     [01;31m[KT_calf_foot[m[K = CreateTmatrix(0, 0, calf_to_foot_z); // ê³ ì •ê´€ì ˆìž„.
      |     [01;31m[K^~~~~~~~~~~[m[K
[01m[K/home/pth/pth/model/Go2_simulator/src/controls/go2_controller/src/Forward_Kinematics.cpp:52:67:[m[K [01;31m[Kerror: [m[Kâ€˜[01m[KCreateRmatx[m[Kâ€™ was not declared in this scope; did you mean â€˜[01m[KCreateRmatrix[m[Kâ€™?
   52 |     T_base_hip = CreateTmatrix(base_to_hip_x, base_to_hip_y, 0) * [01;31m[KCreateRmatx[m[K(q(3), hip_axis);
      |                                                                   [01;31m[K^~~~~~~~~~~[m[K
      |                                                                   [32m[KCreateRmatrix[m[K
make[2]: *** [CMakeFiles/go2_controller.dir/build.make:76: CMakeFiles/go2_controller.dir/src/Forward_Kinematics.cpp.o] Error 1
make[1]: *** [CMakeFiles/Makefile2:216: CMakeFiles/go2_controller.dir/all] Error 2
make: *** [Makefile:141: all] Error 2
