[01m[K/home/pth/pth/model/Go2_simulator/src/controls/go2_controller/src/Forward_Kinematics.cpp:[m[K In member function â€˜[01m[Kvoid go2_controller::Forward_Kinematics(Eigen::VectorXd, Eigen::VectorXd)[m[Kâ€™:
[01m[K/home/pth/pth/model/Go2_simulator/src/controls/go2_controller/src/Forward_Kinematics.cpp:13:5:[m[K [01;31m[Kerror: [m[Kexpected â€˜[01m[K,[m[Kâ€™ or â€˜[01m[K;[m[Kâ€™ before â€˜[01m[KEigen[m[Kâ€™
   13 |     [01;31m[KEigen[m[K::Matrix4d A2 = Eigen::Matrix4d::Zero()
      |     [01;31m[K^~~~~[m[K
[01m[K/home/pth/pth/model/Go2_simulator/src/controls/go2_controller/src/Forward_Kinematics.cpp:22:22:[m[K [01;31m[Kerror: [m[Kâ€˜[01m[Ki[m[Kâ€™ was not declared in this scope; did you mean â€˜[01m[Kpi[m[Kâ€™?
   22 |     for (int i = 0 ; [01;31m[Ki[m[K < 4 ; i++)
      |                      [01;31m[K^[m[K
      |                      [32m[Kpi[m[K
[01m[K/home/pth/pth/model/Go2_simulator/src/controls/go2_controller/src/Forward_Kinematics.cpp:35:18:[m[K [01;31m[Kerror: [m[Kâ€˜[01m[KT1[m[Kâ€™ was not declared in this scope; did you mean â€˜[01m[Kl1[m[Kâ€™?
   35 |     EE_Pose_FL = [01;31m[KT1[m[K.block<3,1>(0, 3);
      |                  [01;31m[K^~[m[K
      |                  [32m[Kl1[m[K
[01m[K/home/pth/pth/model/Go2_simulator/src/controls/go2_controller/src/Forward_Kinematics.cpp:36:18:[m[K [01;31m[Kerror: [m[Kâ€˜[01m[KT2[m[Kâ€™ was not declared in this scope; did you mean â€˜[01m[Kl2[m[Kâ€™?
   36 |     EE_Pose_FR = [01;31m[KT2[m[K.block<3,1>(0, 3);
      |                  [01;31m[K^~[m[K
      |                  [32m[Kl2[m[K
[01m[K/home/pth/pth/model/Go2_simulator/src/controls/go2_controller/src/Forward_Kinematics.cpp:37:18:[m[K [01;31m[Kerror: [m[Kâ€˜[01m[KT4[m[Kâ€™ was not declared in this scope
   37 |     EE_Pose_RL = [01;31m[KT4[m[K.block<3,1>(0, 3);
      |                  [01;31m[K^~[m[K
[01m[K/home/pth/pth/model/Go2_simulator/src/controls/go2_controller/src/Forward_Kinematics.cpp:38:18:[m[K [01;31m[Kerror: [m[Kâ€˜[01m[KT3[m[Kâ€™ was not declared in this scope; did you mean â€˜[01m[Kl3[m[Kâ€™?
   38 |     EE_Pose_RR = [01;31m[KT3[m[K.block<3,1>(0, 3);
      |                  [01;31m[K^~[m[K
      |                  [32m[Kl3[m[K
make[2]: *** [CMakeFiles/go2_controller.dir/build.make:76: CMakeFiles/go2_controller.dir/src/Forward_Kinematics.cpp.o] Error 1
make[1]: *** [CMakeFiles/Makefile2:216: CMakeFiles/go2_controller.dir/all] Error 2
make: *** [Makefile:141: all] Error 2
