[01m[K/home/pth/pth/model/Go2_simulator/src/controls/go2_controller/src/Trajectories.cpp:[m[K In member function â€˜[01m[KEigen::Vector3d go2_controller::Quintic_Task(ros::Time&, double, Eigen::Vector3d&, Eigen::Vector3d&)[m[Kâ€™:
[01m[K/home/pth/pth/model/Go2_simulator/src/controls/go2_controller/src/Trajectories.cpp:27:12:[m[K [01;31m[Kerror: [m[Kâ€˜[01m[KMatrix6d[m[Kâ€™ is not a member of â€˜[01m[KEigen[m[Kâ€™; did you mean â€˜[01m[KMatrixXd[m[Kâ€™?
   27 |     Eigen::[01;31m[KMatrix6d[m[K M;
      |            [01;31m[K^~~~~~~~[m[K
      |            [32m[KMatrixXd[m[K
[01m[K/home/pth/pth/model/Go2_simulator/src/controls/go2_controller/src/Trajectories.cpp:28:5:[m[K [01;31m[Kerror: [m[Kâ€˜[01m[KM[m[Kâ€™ was not declared in this scope
   28 |     [01;31m[KM[m[K << 1, 0, 0, 0, 0, 0,
      |     [01;31m[K^[m[K
[01m[K/home/pth/pth/model/Go2_simulator/src/controls/go2_controller/src/Trajectories.cpp:35:12:[m[K [01;31m[Kerror: [m[Kâ€˜[01m[KMatrix6d[m[Kâ€™ is not a member of â€˜[01m[KEigen[m[Kâ€™; did you mean â€˜[01m[KMatrixXd[m[Kâ€™?
   35 |     Eigen::[01;31m[KMatrix6d[m[K M_inv = M.inverse();
      |            [01;31m[K^~~~~~~~[m[K
      |            [32m[KMatrixXd[m[K
[01m[K/home/pth/pth/model/Go2_simulator/src/controls/go2_controller/src/Trajectories.cpp:49:37:[m[K [01;31m[Kerror: [m[Kâ€˜[01m[KM_inv[m[Kâ€™ was not declared in this scope
   49 |     Eigen::Matrix<double, 6, 3> A = [01;31m[KM_inv[m[K * B;
      |                                     [01;31m[K^~~~~[m[K
[01m[K/home/pth/pth/model/Go2_simulator/src/controls/go2_controller/src/Trajectories.cpp:[m[K In member function â€˜[01m[KEigen::VectorXd go2_controller::Quintic_Joint(ros::Time&, double, Eigen::VectorXd&, Eigen::VectorXd&)[m[Kâ€™:
[01m[K/home/pth/pth/model/Go2_simulator/src/controls/go2_controller/src/Trajectories.cpp:92:12:[m[K [01;31m[Kerror: [m[Kâ€˜[01m[KMatrix6d[m[Kâ€™ is not a member of â€˜[01m[KEigen[m[Kâ€™; did you mean â€˜[01m[KMatrixXd[m[Kâ€™?
   92 |     Eigen::[01;31m[KMatrix6d[m[K M;
      |            [01;31m[K^~~~~~~~[m[K
      |            [32m[KMatrixXd[m[K
[01m[K/home/pth/pth/model/Go2_simulator/src/controls/go2_controller/src/Trajectories.cpp:93:5:[m[K [01;31m[Kerror: [m[Kâ€˜[01m[KM[m[Kâ€™ was not declared in this scope
   93 |     [01;31m[KM[m[K << 1, 0, 0, 0, 0, 0,
      |     [01;31m[K^[m[K
[01m[K/home/pth/pth/model/Go2_simulator/src/controls/go2_controller/src/Trajectories.cpp:100:12:[m[K [01;31m[Kerror: [m[Kâ€˜[01m[KMatrix6d[m[Kâ€™ is not a member of â€˜[01m[KEigen[m[Kâ€™; did you mean â€˜[01m[KMatrixXd[m[Kâ€™?
  100 |     Eigen::[01;31m[KMatrix6d[m[K M_inv = M.inverse();
      |            [01;31m[K^~~~~~~~[m[K
      |            [32m[KMatrixXd[m[K
[01m[K/home/pth/pth/model/Go2_simulator/src/controls/go2_controller/src/go2_controller.cpp:[m[K In member function â€˜[01m[Kvoid go2_controller::Squating()[m[Kâ€™:
[01m[K/home/pth/pth/model/Go2_simulator/src/controls/go2_controller/src/go2_controller.cpp:184:55:[m[K [01;31m[Kerror: [m[Kâ€˜[01m[KSquating_time[m[Kâ€™ was not declared in this scope; did you mean â€˜[01m[KSquating[m[Kâ€™?
  184 |     Eigen::Vector3d EE_Pose_FL_desired = Quintic_Task([01;31m[KSquating_time[m[K, 2.0, EE_Pose_FL, EE_Pose_FL_final);
      |                                                       [01;31m[K^~~~~~~~~~~~~[m[K
      |                                                       [32m[KSquating[m[K
[01m[K/home/pth/pth/model/Go2_simulator/src/controls/go2_controller/src/Trajectories.cpp:130:1:[m[K [01;35m[Kwarning: [m[Kno return statement in function returning non-void [[01;35m[K-Wreturn-type[m[K]
  130 | [01;35m[K}[m[K
      | [01;35m[K^[m[K
[01m[K/home/pth/pth/model/Go2_simulator/src/controls/go2_controller/src/Trajectories.cpp:[m[K In member function â€˜[01m[KEigen::Vector3d go2_controller::Sinusoidal_Task()[m[Kâ€™:
[01m[K/home/pth/pth/model/Go2_simulator/src/controls/go2_controller/src/Trajectories.cpp:135:5:[m[K [01;35m[Kwarning: [m[Kno return statement in function returning non-void [[01;35m[K-Wreturn-type[m[K]
  135 |     [01;35m[K}[m[K
      |     [01;35m[K^[m[K
[01m[K/home/pth/pth/model/Go2_simulator/src/controls/go2_controller/src/Trajectories.cpp:[m[K In member function â€˜[01m[KEigen::VectorXd go2_controller::Sinusoidal_Joint()[m[Kâ€™:
[01m[K/home/pth/pth/model/Go2_simulator/src/controls/go2_controller/src/Trajectories.cpp:140:5:[m[K [01;35m[Kwarning: [m[Kno return statement in function returning non-void [[01;35m[K-Wreturn-type[m[K]
  140 |     [01;35m[K}[m[K
      |     [01;35m[K^[m[K
make[2]: *** [CMakeFiles/go2_controller.dir/build.make:149: CMakeFiles/go2_controller.dir/src/Trajectories.cpp.o] Error 1
make[2]: *** Waiting for unfinished jobs....
[01m[K/home/pth/pth/model/Go2_simulator/src/controls/go2_controller/src/go2_controller.cpp:[m[K In member function â€˜[01m[Kvoid go2_controller::Init()[m[Kâ€™:
[01m[K/home/pth/pth/model/Go2_simulator/src/controls/go2_controller/src/go2_controller.cpp:6:11:[m[K [01;35m[Kwarning: [m[Kignoring return value of â€˜[01m[Kint system(const char*)[m[Kâ€™, declared with attribute warn_unused_result [[01;35m[K-Wunused-result[m[K]
    6 |     [01;35m[Ksystem("clear")[m[K;
      |     [01;35m[K~~~~~~^~~~~~~~~[m[K
make[2]: *** [CMakeFiles/go2_controller.dir/build.make:79: CMakeFiles/go2_controller.dir/src/go2_controller.cpp.o] Error 1
make[1]: *** [CMakeFiles/Makefile2:2729: CMakeFiles/go2_controller.dir/all] Error 2
make: *** [Makefile:146: all] Error 2
