[01m[K/home/pth/pth/model/Go2_simulator/src/controls/go2_controller/src/Inverse_Kinematics.cpp:11:36:[m[K [01;31m[Kerror: [m[K‚Äò[01m[KVector3[m[K‚Äô is not a member of ‚Äò[01m[KEigen[m[K‚Äô; did you mean ‚Äò[01m[KVector3d[m[K‚Äô?
   11 | Eigen::Vector3d Calculate_V(Eigen::[01;31m[KVector3[m[K& ee, Eigen::Vector3d& bb) // double angle ÏÉùÎûµÌï®
      |                                    [01;31m[K^~~~~~~[m[K
      |                                    [32m[KVector3d[m[K
[01m[K/home/pth/pth/model/Go2_simulator/src/controls/go2_controller/src/Inverse_Kinematics.cpp:11:45:[m[K [01;31m[Kerror: [m[K‚Äò[01m[Kee[m[K‚Äô was not declared in this scope
   11 | Eigen::Vector3d Calculate_V(Eigen::Vector3& [01;31m[Kee[m[K, Eigen::Vector3d& bb) // double angle ÏÉùÎûµÌï®
      |                                             [01;31m[K^~[m[K
[01m[K/home/pth/pth/model/Go2_simulator/src/controls/go2_controller/src/Inverse_Kinematics.cpp:11:64:[m[K [01;31m[Kerror: [m[Kexpected primary-expression before ‚Äò[01m[K&[m[K‚Äô token
   11 | Eigen::Vector3d Calculate_V(Eigen::Vector3& ee, Eigen::Vector3d[01;31m[K&[m[K bb) // double angle ÏÉùÎûµÌï®
      |                                                                [01;31m[K^[m[K
[01m[K/home/pth/pth/model/Go2_simulator/src/controls/go2_controller/src/Inverse_Kinematics.cpp:11:66:[m[K [01;31m[Kerror: [m[K‚Äò[01m[Kbb[m[K‚Äô was not declared in this scope
   11 | Eigen::Vector3d Calculate_V(Eigen::Vector3& ee, Eigen::Vector3d& [01;31m[Kbb[m[K) // double angle ÏÉùÎûµÌï®
      |                                                                  [01;31m[K^~[m[K
[01m[K/home/pth/pth/model/Go2_simulator/src/controls/go2_controller/src/Inverse_Kinematics.cpp:12:1:[m[K [01;31m[Kerror: [m[Kexpected ‚Äò[01m[K,[m[K‚Äô or ‚Äò[01m[K;[m[K‚Äô before ‚Äò[01m[K{[m[K‚Äô token
   12 | [01;31m[K{[m[K
      | [01;31m[K^[m[K
[01m[K/home/pth/pth/model/Go2_simulator/src/controls/go2_controller/src/Inverse_Kinematics.cpp:[m[K In function ‚Äò[01m[KEigen::Vector3d Calculate_Atan2(Eigen::Vector3d&, double, double)[m[K‚Äô:
[01m[K/home/pth/pth/model/Go2_simulator/src/controls/go2_controller/src/Inverse_Kinematics.cpp:52:5:[m[K [01;31m[Kerror: [m[K‚Äò[01m[Kx_h[m[K‚Äô was not declared in this scope
   52 |     [01;31m[Kx_h[m[K = p_hip(0);
      |     [01;31m[K^~~[m[K
[01m[K/home/pth/pth/model/Go2_simulator/src/controls/go2_controller/src/Inverse_Kinematics.cpp:53:5:[m[K [01;31m[Kerror: [m[K‚Äò[01m[Ky_h[m[K‚Äô was not declared in this scope
   53 |     [01;31m[Ky_h[m[K = p_hip(1);
      |     [01;31m[K^~~[m[K
[01m[K/home/pth/pth/model/Go2_simulator/src/controls/go2_controller/src/Inverse_Kinematics.cpp:54:5:[m[K [01;31m[Kerror: [m[K‚Äò[01m[Kz_h[m[K‚Äô was not declared in this scope
   54 |     [01;31m[Kz_h[m[K = p_hip(2);
      |     [01;31m[K^~~[m[K
[01m[K/home/pth/pth/model/Go2_simulator/src/controls/go2_controller/src/Inverse_Kinematics.cpp:[m[K At global scope:
[01m[K/home/pth/pth/model/Go2_simulator/src/controls/go2_controller/src/Inverse_Kinematics.cpp:68:6:[m[K [01;31m[Kerror: [m[Kno declaration matches ‚Äò[01m[Kvoid go2_controller::geometrical_IK()[m[K‚Äô
   68 | void [01;31m[Kgo2_controller[m[K::geometrical_IK()
      |      [01;31m[K^~~~~~~~~~~~~~[m[K
[01m[K/home/pth/pth/model/Go2_simulator/src/controls/go2_controller/src/Inverse_Kinematics.cpp:68:6:[m[K [01;36m[Knote: [m[Kno functions named ‚Äò[01m[Kvoid go2_controller::geometrical_IK()[m[K‚Äô
In file included from [01m[K/home/pth/pth/model/Go2_simulator/src/controls/go2_controller/src/Inverse_Kinematics.cpp:1[m[K:
[01m[K/home/pth/pth/model/Go2_simulator/src/controls/go2_controller/include/go2_controller.h:63:7:[m[K [01;36m[Knote: [m[K‚Äò[01m[Kclass go2_controller[m[K‚Äô defined here
   63 | class [01;36m[Kgo2_controller[m[K
      |       [01;36m[K^~~~~~~~~~~~~~[m[K
[01m[K/home/pth/pth/model/Go2_simulator/src/controls/go2_controller/src/go2_controller.cpp:[m[K In member function ‚Äò[01m[Kvoid go2_controller::Command(bool)[m[K‚Äô:
[01m[K/home/pth/pth/model/Go2_simulator/src/controls/go2_controller/src/go2_controller.cpp:41:9:[m[K [01;31m[Kerror: [m[K‚Äò[01m[KInverse_Kinematics[m[K‚Äô was not declared in this scope
   41 |         [01;31m[KInverse_Kinematics[m[K();
      |         [01;31m[K^~~~~~~~~~~~~~~~~~[m[K
make[2]: *** [CMakeFiles/go2_controller.dir/build.make:89: CMakeFiles/go2_controller.dir/src/Inverse_Kinematics.cpp.o] Error 1
make[2]: *** Waiting for unfinished jobs....
[01m[K/home/pth/pth/model/Go2_simulator/src/controls/go2_controller/src/go2_controller.cpp:[m[K In member function ‚Äò[01m[Kvoid go2_controller::Init()[m[K‚Äô:
[01m[K/home/pth/pth/model/Go2_simulator/src/controls/go2_controller/src/go2_controller.cpp:6:11:[m[K [01;35m[Kwarning: [m[Kignoring return value of ‚Äò[01m[Kint system(const char*)[m[K‚Äô, declared with attribute warn_unused_result [[01;35m[K-Wunused-result[m[K]
    6 |     [01;35m[Ksystem("clear")[m[K;
      |     [01;35m[K~~~~~~^~~~~~~~~[m[K
make[2]: *** [CMakeFiles/go2_controller.dir/build.make:63: CMakeFiles/go2_controller.dir/src/go2_controller.cpp.o] Error 1
make[1]: *** [CMakeFiles/Makefile2:216: CMakeFiles/go2_controller.dir/all] Error 2
make: *** [Makefile:141: all] Error 2
