[01m[K/home/pth/pth/model/Go2_simulator/src/controls/go2_controller/src/Forward_Kinematics.cpp:[m[K In member function â€˜[01m[Kvoid go2_controller::Forward_Kinematics(Eigen::VectorXd, Eigen::VectorXd)[m[Kâ€™:
[01m[K/home/pth/pth/model/Go2_simulator/src/controls/go2_controller/src/Forward_Kinematics.cpp:57:67:[m[K [01;31m[Kerror: [m[Kâ€˜[01m[KCreateRmatx[m[Kâ€™ was not declared in this scope; did you mean â€˜[01m[KCreateRmatrix[m[Kâ€™?
   57 |     T_base_hip = CreateTmatrix(base_to_hip_x, base_to_hip_y, 0) * [01;31m[KCreateRmatx[m[K(q(3), hip_axis);
      |                                                                   [01;31m[K^~~~~~~~~~~[m[K
      |                                                                   [32m[KCreateRmatrix[m[K
make[2]: *** [CMakeFiles/go2_controller.dir/build.make:76: CMakeFiles/go2_controller.dir/src/Forward_Kinematics.cpp.o] Error 1
make[1]: *** [CMakeFiles/Makefile2:216: CMakeFiles/go2_controller.dir/all] Error 2
make: *** [Makefile:141: all] Error 2
