In file included from [01m[K/home/pth/pth/model/Go2_simulator/src/controls/go2_controller/src/go2_controller.cpp:1[m[K:
[01m[K/home/pth/pth/model/Go2_simulator/src/controls/go2_controller/include/go2_controller.h:104:32:[m[K [01;31m[Kerror: [m[Kexpected identifier before numeric constant
  104 |     Eigen::VectorXd q_initial_([01;31m[K12[m[K) = Eigen::VectorXd::Zero(12);
      |                                [01;31m[K^~[m[K
[01m[K/home/pth/pth/model/Go2_simulator/src/controls/go2_controller/include/go2_controller.h:104:32:[m[K [01;31m[Kerror: [m[Kexpected ‚Äò[01m[K,[m[K‚Äô or ‚Äò[01m[K...[m[K‚Äô before numeric constant
[01m[K/home/pth/pth/model/Go2_simulator/src/controls/go2_controller/include/go2_controller.h:104:43:[m[K [01;31m[Kerror: [m[Kinvalid pure specifier (only ‚Äò[01m[K= 0[m[K‚Äô is allowed) before ‚Äò[01m[K::[m[K‚Äô token
  104 |     Eigen::VectorXd q_initial_(12) = Eigen[01;31m[K::[m[KVectorXd::Zero(12);
      |                                           [01;31m[K^~[m[K
[01m[K/home/pth/pth/model/Go2_simulator/src/controls/go2_controller/src/go2_controller.cpp:[m[K In member function ‚Äò[01m[Kvoid go2_controller::Command(bool)[m[K‚Äô:
[01m[K/home/pth/pth/model/Go2_simulator/src/controls/go2_controller/src/go2_controller.cpp:39:13:[m[K [01;31m[Kerror: [m[Kinvalid use of member function ‚Äò[01m[KEigen::VectorXd go2_controller::q_initial_(int)[m[K‚Äô (did you forget the ‚Äò[01m[K()[m[K‚Äô ?)
   39 |             [01;31m[Kq_initial_[m[K =q_; // Ï¥àÍ∏∞ Í∞ÅÎèÑ ÏÑ§Ï†ïÌïòÍ∏∞
      |             [01;31m[K^~~~~~~~~~[m[K
[01m[K/home/pth/pth/model/Go2_simulator/src/controls/go2_controller/src/go2_controller.cpp:40:45:[m[K [01;31m[Kerror: [m[Kexpected ‚Äò[01m[K;[m[K‚Äô before ‚Äò[01m[K::[m[K‚Äô token
   40 |             homing_start_time_ = ros::Time()[01;31m[K:[m[K[32m[K:[m[Know;
      |                                             [01;31m[K^[m[K[32m[K~[m[K
      |                                             [32m[K;[m[K
[01m[K/home/pth/pth/model/Go2_simulator/src/controls/go2_controller/src/go2_controller.cpp:53:18:[m[K [01;31m[Kerror: [m[K‚Äò[01m[Ktime[m[K‚Äô is not a member of ‚Äò[01m[Kros[m[K‚Äô; did you mean ‚Äò[01m[KTime[m[K‚Äô?
   53 |             ros::[01;31m[Ktime[m[K current_time = ros::time::now;
      |                  [01;31m[K^~~~[m[K
      |                  [32m[KTime[m[K
[01m[K/home/pth/pth/model/Go2_simulator/src/controls/go2_controller/src/go2_controller.cpp:54:25:[m[K [01;31m[Kerror: [m[K‚Äò[01m[Kcurrent_time[m[K‚Äô was not declared in this scope
   54 |             double t = ([01;31m[Kcurrent_time[m[K - homing_start_time_).toSec();
      |                         [01;31m[K^~~~~~~~~~~~[m[K
[01m[K/home/pth/pth/model/Go2_simulator/src/controls/go2_controller/src/go2_controller.cpp:58:54:[m[K [01;31m[Kerror: [m[Kinvalid use of non-static member function ‚Äò[01m[KEigen::VectorXd go2_controller::q_initial_(int)[m[K‚Äô
   58 |             Eigen::VectorXd displacement = [01;31m[Kq_desired - q_initial_[m[K; // Ï¥ù Ïù¥Îèô Í±∞Î¶¨ (ÏÇ¨Ïö©Ïûê Í≥µÏãùÏùò a_0Ïóê Ìï¥Îãπ)
      |                                            [01;31m[K~~~~~~~~~~^~~~~~~~~~~~[m[K
In file included from [01m[K/home/pth/pth/model/Go2_simulator/src/controls/go2_controller/src/go2_controller.cpp:1[m[K:
[01m[K/home/pth/pth/model/Go2_simulator/src/controls/go2_controller/include/go2_controller.h:104:21:[m[K [01;36m[Knote: [m[Kdeclared here
  104 |     Eigen::VectorXd [01;36m[Kq_initial_[m[K(12) = Eigen::VectorXd::Zero(12);
      |                     [01;36m[K^~~~~~~~~~[m[K
[01m[K/home/pth/pth/model/Go2_simulator/src/controls/go2_controller/src/go2_controller.cpp:61:29:[m[K [01;31m[Kerror: [m[Kredeclaration of ‚Äò[01m[KEigen::VectorXd q_desired[m[K‚Äô
   61 |             Eigen::VectorXd [01;31m[Kq_desired[m[K = q_initial_ + displacement * 0.5 * (1 - cos(M_PI / T * t));
      |                             [01;31m[K^~~~~~~~~[m[K
[01m[K/home/pth/pth/model/Go2_simulator/src/controls/go2_controller/src/go2_controller.cpp:47:29:[m[K [01;36m[Knote: [m[K‚Äò[01m[KEigen::VectorXd q_desired[m[K‚Äô previously declared here
   47 |             Eigen::VectorXd [01;36m[Kq_desired[m[K(12);
      |                             [01;36m[K^~~~~~~~~[m[K
[01m[K/home/pth/pth/model/Go2_simulator/src/controls/go2_controller/src/go2_controller.cpp:61:52:[m[K [01;31m[Kerror: [m[Kinvalid use of non-static member function ‚Äò[01m[KEigen::VectorXd go2_controller::q_initial_(int)[m[K‚Äô
   61 |             Eigen::VectorXd q_desired = [01;31m[Kq_initial_ + displacement * 0.5 * (1 - cos(M_PI / T * t))[m[K;
      |                                         [01;31m[K~~~~~~~~~~~^~~~~~~~~~~~~~~~~~~~~~~~~~~~~~~~~~~~~~~~~~~~~~[m[K
In file included from [01m[K/home/pth/pth/model/Go2_simulator/src/controls/go2_controller/src/go2_controller.cpp:1[m[K:
[01m[K/home/pth/pth/model/Go2_simulator/src/controls/go2_controller/include/go2_controller.h:104:21:[m[K [01;36m[Knote: [m[Kdeclared here
  104 |     Eigen::VectorXd [01;36m[Kq_initial_[m[K(12) = Eigen::VectorXd::Zero(12);
      |                     [01;36m[K^~~~~~~~~~[m[K
[01m[K/home/pth/pth/model/Go2_simulator/src/controls/go2_controller/src/go2_controller.cpp:[m[K In member function ‚Äò[01m[Kvoid go2_controller::Init()[m[K‚Äô:
[01m[K/home/pth/pth/model/Go2_simulator/src/controls/go2_controller/src/go2_controller.cpp:6:11:[m[K [01;35m[Kwarning: [m[Kignoring return value of ‚Äò[01m[Kint system(const char*)[m[K‚Äô, declared with attribute warn_unused_result [[01;35m[K-Wunused-result[m[K]
    6 |     [01;35m[Ksystem("clear")[m[K;
      |     [01;35m[K~~~~~~^~~~~~~~~[m[K
make[2]: *** [CMakeFiles/go2_controller.dir/build.make:63: CMakeFiles/go2_controller.dir/src/go2_controller.cpp.o] Error 1
make[1]: *** [CMakeFiles/Makefile2:216: CMakeFiles/go2_controller.dir/all] Error 2
make: *** [Makefile:141: all] Error 2
