[01m[K/home/pth/pth/model/Go2_simulator/src/controls/go2_controller/src/Forward_Kinematics.cpp:33:6:[m[K [01;31m[Kerror: [m[Kno declaration matches â€˜[01m[Kvoid go2_controller::Forward_Kinematics(Eigen::VectorXd)[m[Kâ€™
   33 | void [01;31m[Kgo2_controller[m[K::Forward_Kinematics(Eigen::VectorXd q)
      |      [01;31m[K^~~~~~~~~~~~~~[m[K
In file included from [01m[K/home/pth/pth/model/Go2_simulator/src/controls/go2_controller/src/Forward_Kinematics.cpp:1[m[K:
[01m[K/home/pth/pth/model/Go2_simulator/src/controls/go2_controller/include/go2_controller.h:87:10:[m[K [01;36m[Knote: [m[Kcandidate is: â€˜[01m[Kvoid go2_controller::Forward_Kinematics(Eigen::VectorXd, Eigen::VectorXd)[m[Kâ€™
   87 |     void [01;36m[KForward_Kinematics[m[K(Eigen::VectorXd, Eigen::VectorXd);
      |          [01;36m[K^~~~~~~~~~~~~~~~~~[m[K
In file included from [01m[K/home/pth/pth/model/Go2_simulator/src/controls/go2_controller/src/Forward_Kinematics.cpp:1[m[K:
[01m[K/home/pth/pth/model/Go2_simulator/src/controls/go2_controller/include/go2_controller.h:63:7:[m[K [01;36m[Knote: [m[Kâ€˜[01m[Kclass go2_controller[m[Kâ€™ defined here
   63 | class [01;36m[Kgo2_controller[m[K
      |       [01;36m[K^~~~~~~~~~~~~~[m[K
make[2]: *** [CMakeFiles/go2_controller.dir/build.make:76: CMakeFiles/go2_controller.dir/src/Forward_Kinematics.cpp.o] Error 1
make[1]: *** [CMakeFiles/Makefile2:216: CMakeFiles/go2_controller.dir/all] Error 2
make: *** [Makefile:141: all] Error 2
