[01m[K/home/pth/pth/model/Go2_simulator/src/controls/go2_controller/src/go2_controller.cpp:[m[K In member function â€˜[01m[Kvoid go2_controller::Command(bool)[m[Kâ€™:
[01m[K/home/pth/pth/model/Go2_simulator/src/controls/go2_controller/src/go2_controller.cpp:48:13:[m[K [01;31m[Kerror: [m[Kâ€˜[01m[Kq_final[m[Kâ€™ was not declared in this scope; did you mean â€˜[01m[Kq_final_[m[Kâ€™?
   48 |             [01;31m[Kq_final[m[K << 0, 0.67, -1.40, 0, 0.67, -1.40, 0, 0.67, -1.40, 0, 0.67, -1.40;
      |             [01;31m[K^~~~~~~[m[K
      |             [32m[Kq_final_[m[K
[01m[K/home/pth/pth/model/Go2_simulator/src/controls/go2_controller/src/go2_controller.cpp:59:17:[m[K [01;31m[Kerror: [m[Kâ€˜[01m[Kdq_desired[m[Kâ€™ was not declared in this scope; did you mean â€˜[01m[Kq_desired[m[Kâ€™?
   59 |                 [01;31m[Kdq_desired[m[K = displacement * 0.5 * (M_PI / T) * sin(M_PI / T * t);
      |                 [01;31m[K^~~~~~~~~~[m[K
      |                 [32m[Kq_desired[m[K
[01m[K/home/pth/pth/model/Go2_simulator/src/controls/go2_controller/src/go2_controller.cpp:71:13:[m[K [01;31m[Kerror: [m[Kexpected â€˜[01m[K}[m[Kâ€™ before â€˜[01m[Kelse[m[Kâ€™
   71 |             [01;31m[Kelse[m[K { q_desired = q_final;}
      |             [01;31m[K^~~~[m[K
[01m[K/home/pth/pth/model/Go2_simulator/src/controls/go2_controller/src/go2_controller.cpp:45:9:[m[K [01;36m[Knote: [m[Kto match this â€˜[01m[K{[m[Kâ€™
   45 |         [01;36m[K{[m[K
      |         [01;36m[K^[m[K
[01m[K/home/pth/pth/model/Go2_simulator/src/controls/go2_controller/src/go2_controller.cpp:71:13:[m[K [01;31m[Kerror: [m[Kexpected â€˜[01m[K}[m[Kâ€™ before â€˜[01m[Kelse[m[Kâ€™
   71 |             [01;31m[Kelse[m[K { q_desired = q_final;}
      |             [01;31m[K^~~~[m[K
[01m[K/home/pth/pth/model/Go2_simulator/src/controls/go2_controller/src/go2_controller.cpp:36:9:[m[K [01;36m[Knote: [m[Kto match this â€˜[01m[K{[m[Kâ€™
   36 |         [01;36m[K{[m[K
      |         [01;36m[K^[m[K
[01m[K/home/pth/pth/model/Go2_simulator/src/controls/go2_controller/src/go2_controller.cpp:71:13:[m[K [01;31m[Kerror: [m[Kexpected â€˜[01m[K}[m[Kâ€™ before â€˜[01m[Kelse[m[Kâ€™
   71 |             [01;31m[Kelse[m[K { q_desired = q_final;}
      |             [01;31m[K^~~~[m[K
[01m[K/home/pth/pth/model/Go2_simulator/src/controls/go2_controller/src/go2_controller.cpp:34:5:[m[K [01;36m[Knote: [m[Kto match this â€˜[01m[K{[m[Kâ€™
   34 |     [01;36m[K{[m[K
      |     [01;36m[K^[m[K
[01m[K/home/pth/pth/model/Go2_simulator/src/controls/go2_controller/src/go2_controller.cpp:71:20:[m[K [01;31m[Kerror: [m[Kâ€˜[01m[Kq_desired[m[Kâ€™ was not declared in this scope
   71 |             else { [01;31m[Kq_desired[m[K = q_final;}
      |                    [01;31m[K^~~~~~~~~[m[K
[01m[K/home/pth/pth/model/Go2_simulator/src/controls/go2_controller/src/go2_controller.cpp:71:32:[m[K [01;31m[Kerror: [m[Kâ€˜[01m[Kq_final[m[Kâ€™ was not declared in this scope; did you mean â€˜[01m[Kq_final_[m[Kâ€™?
   71 |             else { q_desired = [01;31m[Kq_final[m[K;}
      |                                [01;31m[K^~~~~~~[m[K
      |                                [32m[Kq_final_[m[K
[01m[K/home/pth/pth/model/Go2_simulator/src/controls/go2_controller/src/go2_controller.cpp:72:13:[m[K [01;31m[Kerror: [m[Kbreak statement not within loop or switch
   72 |             [01;31m[Kbreak[m[K;
      |             [01;31m[K^~~~~[m[K
[01m[K/home/pth/pth/model/Go2_simulator/src/controls/go2_controller/src/go2_controller.cpp:[m[K At global scope:
[01m[K/home/pth/pth/model/Go2_simulator/src/controls/go2_controller/src/go2_controller.cpp:74:9:[m[K [01;31m[Kerror: [m[Kexpected declaration before â€˜[01m[K}[m[Kâ€™ token
   74 |         [01;31m[K}[m[K
      |         [01;31m[K^[m[K
[01m[K/home/pth/pth/model/Go2_simulator/src/controls/go2_controller/src/go2_controller.cpp:76:30:[m[K [01;31m[Kerror: [m[Kexpected constructor, destructor, or type conversion before â€˜[01m[K;[m[Kâ€™ token
   76 |         SendCommandsToRobot()[01;31m[K;[m[K
      |                              [01;31m[K^[m[K
[01m[K/home/pth/pth/model/Go2_simulator/src/controls/go2_controller/src/go2_controller.cpp:77:5:[m[K [01;31m[Kerror: [m[Kexpected declaration before â€˜[01m[K}[m[Kâ€™ token
   77 |     [01;31m[K}[m[K
      |     [01;31m[K^[m[K
[01m[K/home/pth/pth/model/Go2_simulator/src/controls/go2_controller/src/go2_controller.cpp:78:1:[m[K [01;31m[Kerror: [m[Kexpected declaration before â€˜[01m[K}[m[Kâ€™ token
   78 | [01;31m[K}[m[K
      | [01;31m[K^[m[K
[01m[K/home/pth/pth/model/Go2_simulator/src/controls/go2_controller/src/go2_controller.cpp:[m[K In member function â€˜[01m[Kvoid go2_controller::Init()[m[Kâ€™:
[01m[K/home/pth/pth/model/Go2_simulator/src/controls/go2_controller/src/go2_controller.cpp:6:11:[m[K [01;35m[Kwarning: [m[Kignoring return value of â€˜[01m[Kint system(const char*)[m[Kâ€™, declared with attribute warn_unused_result [[01;35m[K-Wunused-result[m[K]
    6 |     [01;35m[Ksystem("clear")[m[K;
      |     [01;35m[K~~~~~~^~~~~~~~~[m[K
make[2]: *** [CMakeFiles/go2_controller.dir/build.make:63: CMakeFiles/go2_controller.dir/src/go2_controller.cpp.o] Error 1
make[1]: *** [CMakeFiles/Makefile2:216: CMakeFiles/go2_controller.dir/all] Error 2
make: *** [Makefile:141: all] Error 2
