[01m[K/home/pth/pth/model/Go2_simulator/src/controls/go2_controller/src/Jacobians.cpp:[m[K In member function â€˜[01m[Kvoid go2_controller::Jacobians(const VectorXd&)[m[Kâ€™:
[01m[K/home/pth/pth/model/Go2_simulator/src/controls/go2_controller/src/Jacobians.cpp:71:44:[m[K [01;31m[Kerror: [m[Kâ€˜[01m[Ko_foot_FL[m[Kâ€™ was not declared in this scope
   71 |     J_FL.block<3,1>(0,0)  = z_hip_FL.cross([01;31m[Ko_foot_FL[m[K-o_hip_joint_FL);
      |                                            [01;31m[K^~~~~~~~~[m[K
make[2]: *** [CMakeFiles/go2_controller.dir/build.make:121: CMakeFiles/go2_controller.dir/src/Jacobians.cpp.o] Error 1
make[1]: *** [CMakeFiles/Makefile2:2729: CMakeFiles/go2_controller.dir/all] Error 2
make: *** [Makefile:146: all] Error 2
