[01m[K/home/pth/pth/model/Go2_simulator/src/controls/go2_controller/src/Kinematics.cpp:91:6:[m[K [01;31m[Kerror: [m[Kno declaration matches â€˜[01m[Kvoid go2_controller::Jacobians(const VectorXd&)[m[Kâ€™
   91 | void [01;31m[Kgo2_controller[m[K::Jacobians(const Eigen::VectorXd& q)
      |      [01;31m[K^~~~~~~~~~~~~~[m[K
[01m[K/home/pth/pth/model/Go2_simulator/src/controls/go2_controller/src/Kinematics.cpp:91:6:[m[K [01;36m[Knote: [m[Kno functions named â€˜[01m[Kvoid go2_controller::Jacobians(const VectorXd&)[m[Kâ€™
In file included from [01m[K/home/pth/pth/model/Go2_simulator/src/controls/go2_controller/src/Kinematics.cpp:1[m[K:
[01m[K/home/pth/pth/model/Go2_simulator/src/controls/go2_controller/include/go2_controller.h:65:7:[m[K [01;36m[Knote: [m[Kâ€˜[01m[Kclass go2_controller[m[Kâ€™ defined here
   65 | class [01;36m[Kgo2_controller[m[K
      |       [01;36m[K^~~~~~~~~~~~~~[m[K
make[2]: *** [CMakeFiles/go2_controller.dir/build.make:93: CMakeFiles/go2_controller.dir/src/Kinematics.cpp.o] Error 1
make[2]: *** Waiting for unfinished jobs....
[01m[K/home/pth/pth/model/Go2_simulator/src/controls/go2_controller/src/go2_controller.cpp:[m[K In member function â€˜[01m[Kvoid go2_controller::Init()[m[Kâ€™:
[01m[K/home/pth/pth/model/Go2_simulator/src/controls/go2_controller/src/go2_controller.cpp:6:11:[m[K [01;35m[Kwarning: [m[Kignoring return value of â€˜[01m[Kint system(const char*)[m[Kâ€™, declared with attribute warn_unused_result [[01;35m[K-Wunused-result[m[K]
    6 |     [01;35m[Ksystem("clear")[m[K;
      |     [01;35m[K~~~~~~^~~~~~~~~[m[K
make[1]: *** [CMakeFiles/Makefile2:2729: CMakeFiles/go2_controller.dir/all] Error 2
make: *** [Makefile:146: all] Error 2
