[01m[K/home/pth/pth/model/Go2_simulator/src/controls/go2_controller/src/go2_controller.cpp:[m[K In member function â€˜[01m[Kvoid go2_controller::Homing()[m[Kâ€™:
[01m[K/home/pth/pth/model/Go2_simulator/src/controls/go2_controller/src/go2_controller.cpp:103:22:[m[K [01;31m[Kerror: [m[Kâ€˜[01m[KT3[m[Kâ€™ was not declared in this scope; did you mean â€˜[01m[KT2[m[Kâ€™?
  103 |     double T2 = T*T; [01;31m[KT3[m[K = T2*T; T4 = T3*T; T5 = T4*T;
      |                      [01;31m[K^~[m[K
      |                      [32m[KT2[m[K
[01m[K/home/pth/pth/model/Go2_simulator/src/controls/go2_controller/src/go2_controller.cpp:103:33:[m[K [01;31m[Kerror: [m[Kâ€˜[01m[KT4[m[Kâ€™ was not declared in this scope; did you mean â€˜[01m[KT2[m[Kâ€™?
  103 |     double T2 = T*T; T3 = T2*T; [01;31m[KT4[m[K = T3*T; T5 = T4*T;
      |                                 [01;31m[K^~[m[K
      |                                 [32m[KT2[m[K
[01m[K/home/pth/pth/model/Go2_simulator/src/controls/go2_controller/src/go2_controller.cpp:103:44:[m[K [01;31m[Kerror: [m[Kâ€˜[01m[KT5[m[Kâ€™ was not declared in this scope; did you mean â€˜[01m[KT2[m[Kâ€™?
  103 |     double T2 = T*T; T3 = T2*T; T4 = T3*T; [01;31m[KT5[m[K = T4*T;
      |                                            [01;31m[K^~[m[K
      |                                            [32m[KT2[m[K
[01m[K/home/pth/pth/model/Go2_simulator/src/controls/go2_controller/src/go2_controller.cpp:118:24:[m[K [01;31m[Kerror: [m[Kâ€˜[01m[KEigen::VectorXd[m[Kâ€™ {aka â€˜[01m[Kclass Eigen::Matrix<double, -1, 1>[m[Kâ€™} has no member named â€˜[01m[Ktransport[m[Kâ€™; did you mean â€˜[01m[Ktranspose[m[Kâ€™?
  118 |     B.row(3) = q_final.[01;31m[Ktransport[m[K();
      |                        [01;31m[K^~~~~~~~~[m[K
      |                        [32m[Ktranspose[m[K
[01m[K/home/pth/pth/model/Go2_simulator/src/controls/go2_controller/src/go2_controller.cpp:131:28:[m[K [01;31m[Kerror: [m[Kâ€˜[01m[Kt3[m[Kâ€™ was not declared in this scope; did you mean â€˜[01m[Ktf[m[Kâ€™?
  131 |         double t2 = t * T; [01;31m[Kt3[m[K = t2*3; t4 = t3*t; t5 = t4*t;
      |                            [01;31m[K^~[m[K
      |                            [32m[Ktf[m[K
[01m[K/home/pth/pth/model/Go2_simulator/src/controls/go2_controller/src/go2_controller.cpp:131:39:[m[K [01;31m[Kerror: [m[Kâ€˜[01m[Kt4[m[Kâ€™ was not declared in this scope; did you mean â€˜[01m[Ktf[m[Kâ€™?
  131 |         double t2 = t * T; t3 = t2*3; [01;31m[Kt4[m[K = t3*t; t5 = t4*t;
      |                                       [01;31m[K^~[m[K
      |                                       [32m[Ktf[m[K
[01m[K/home/pth/pth/model/Go2_simulator/src/controls/go2_controller/src/go2_controller.cpp:131:50:[m[K [01;31m[Kerror: [m[Kâ€˜[01m[Kt5[m[Kâ€™ was not declared in this scope; did you mean â€˜[01m[Ktf[m[Kâ€™?
  131 |         double t2 = t * T; t3 = t2*3; t4 = t3*t; [01;31m[Kt5[m[K = t4*t;
      |                                                  [01;31m[K^~[m[K
      |                                                  [32m[Ktf[m[K
[01m[K/home/pth/pth/model/Go2_simulator/src/controls/go2_controller/src/go2_controller.cpp:[m[K In member function â€˜[01m[Kvoid go2_controller::Init()[m[Kâ€™:
[01m[K/home/pth/pth/model/Go2_simulator/src/controls/go2_controller/src/go2_controller.cpp:6:11:[m[K [01;35m[Kwarning: [m[Kignoring return value of â€˜[01m[Kint system(const char*)[m[Kâ€™, declared with attribute warn_unused_result [[01;35m[K-Wunused-result[m[K]
    6 |     [01;35m[Ksystem("clear")[m[K;
      |     [01;35m[K~~~~~~^~~~~~~~~[m[K
make[2]: *** [CMakeFiles/go2_controller.dir/build.make:63: CMakeFiles/go2_controller.dir/src/go2_controller.cpp.o] Error 1
make[1]: *** [CMakeFiles/Makefile2:216: CMakeFiles/go2_controller.dir/all] Error 2
make: *** [Makefile:141: all] Error 2
