[01m[K/home/pth/pth/model/Go2_simulator/src/controls/go2_controller/src/Forward_Kinematics.cpp:[m[K In member function â€˜[01m[Kvoid go2_controller::Forward_Kinematics(Eigen::VectorXd, Eigen::VectorXd)[m[Kâ€™:
[01m[K/home/pth/pth/model/Go2_simulator/src/controls/go2_controller/src/Forward_Kinematics.cpp:138:49:[m[K [01;31m[Kerror: [m[Kâ€˜[01m[Kpi[m[Kâ€™ cannot be used as a function
  138 |     A2 = A_Matrix(0.0955, pi/2.0, 0, pi/2.0+pi(0[01;31m[K)[m[K);
      |                                                 [01;31m[K^[m[K
[01m[K/home/pth/pth/model/Go2_simulator/src/controls/go2_controller/src/Forward_Kinematics.cpp:145:50:[m[K [01;31m[Kerror: [m[Kâ€˜[01m[Kpi[m[Kâ€™ cannot be used as a function
  145 |     A2 = A_Matrix(-0.0955, pi/2.0, 0, pi/2.0+pi(3[01;31m[K)[m[K);
      |                                                  [01;31m[K^[m[K
[01m[K/home/pth/pth/model/Go2_simulator/src/controls/go2_controller/src/Forward_Kinematics.cpp:152:50:[m[K [01;31m[Kerror: [m[Kâ€˜[01m[Kpi[m[Kâ€™ cannot be used as a function
  152 |     A2 = A_Matrix(-0.0955, pi/2.0, 0, pi/2.0+pi(6[01;31m[K)[m[K);
      |                                                  [01;31m[K^[m[K
[01m[K/home/pth/pth/model/Go2_simulator/src/controls/go2_controller/src/Forward_Kinematics.cpp:159:50:[m[K [01;31m[Kerror: [m[Kâ€˜[01m[Kpi[m[Kâ€™ cannot be used as a function
  159 |     A2 = A_Matrix(-0.0955, pi/2.0, 0, pi/2.0+pi(9[01;31m[K)[m[K);
      |                                                  [01;31m[K^[m[K
make[2]: *** [CMakeFiles/go2_controller.dir/build.make:76: CMakeFiles/go2_controller.dir/src/Forward_Kinematics.cpp.o] Error 1
make[1]: *** [CMakeFiles/Makefile2:216: CMakeFiles/go2_controller.dir/all] Error 2
make: *** [Makefile:141: all] Error 2
